<?xml version="1.0" encoding="UTF-8"?>
<testng-results skipped="0" failed="1" ignored="0" total="13" passed="12">
  <reporter-output>
  </reporter-output>
  <suite name="Suite" duration-ms="51206" started-at="2020-04-10T06:06:27 PDT" finished-at="2020-04-10T06:07:18 PDT">
    <groups>
    </groups>
    <test name="Test1" duration-ms="51206" started-at="2020-04-10T06:06:27 PDT" finished-at="2020-04-10T06:07:18 PDT">
      <class name="pages.Shotest">
        <test-method status="PASS" signature="startssss(java.lang.String)[pri:0, instance:pages.Shotest@76a3e297]" name="startssss" is-config="true" duration-ms="10084" started-at="2020-04-10T06:06:27 PDT" finished-at="2020-04-10T06:06:37 PDT">
          <params>
            <param index="0">
              <value>
                <![CDATA[chrome]]>
              </value>
            </param>
          </params>
          <reporter-output>
          </reporter-output>
        </test-method> <!-- startssss -->
        <test-method status="PASS" signature="dropmenubuttonTest()[pri:0, instance:pages.Shotest@76a3e297]" name="dropmenubuttonTest" duration-ms="418" started-at="2020-04-10T06:06:37 PDT" finished-at="2020-04-10T06:06:38 PDT">
          <reporter-output>
          </reporter-output>
        </test-method> <!-- dropmenubuttonTest -->
        <test-method status="PASS" signature="itemsearchTest()[pri:1, instance:pages.Shotest@76a3e297]" name="itemsearchTest" duration-ms="81" started-at="2020-04-10T06:06:38 PDT" finished-at="2020-04-10T06:06:38 PDT">
          <reporter-output>
          </reporter-output>
        </test-method> <!-- itemsearchTest -->
        <test-method status="PASS" signature="searchbuttonTest()[pri:2, instance:pages.Shotest@76a3e297]" name="searchbuttonTest" duration-ms="630" started-at="2020-04-10T06:06:38 PDT" finished-at="2020-04-10T06:06:39 PDT">
          <reporter-output>
          </reporter-output>
        </test-method> <!-- searchbuttonTest -->
        <test-method status="PASS" signature="shoppingselectTest()[pri:3, instance:pages.Shotest@76a3e297]" name="shoppingselectTest" duration-ms="217" started-at="2020-04-10T06:06:39 PDT" finished-at="2020-04-10T06:06:39 PDT">
          <reporter-output>
          </reporter-output>
        </test-method> <!-- shoppingselectTest -->
        <test-method status="PASS" signature="last()[pri:0, instance:pages.Shotest@76a3e297]" name="last" is-config="true" duration-ms="628" started-at="2020-04-10T06:06:39 PDT" finished-at="2020-04-10T06:06:39 PDT">
          <reporter-output>
          </reporter-output>
        </test-method> <!-- last -->
      </class> <!-- pages.Shotest -->
      <class name="pages.Mtest">
        <test-method status="PASS" signature="startssss(java.lang.String)[pri:0, instance:pages.Mtest@4d3167f4]" name="startssss" is-config="true" duration-ms="9405" started-at="2020-04-10T06:06:39 PDT" finished-at="2020-04-10T06:06:49 PDT">
          <params>
            <param index="0">
              <value>
                <![CDATA[chrome]]>
              </value>
            </param>
          </params>
          <reporter-output>
          </reporter-output>
        </test-method> <!-- startssss -->
        <test-method status="PASS" signature="dropTest()[pri:0, instance:pages.Mtest@4d3167f4]" name="dropTest" duration-ms="1798" started-at="2020-04-10T06:06:49 PDT" finished-at="2020-04-10T06:06:51 PDT">
          <reporter-output>
          </reporter-output>
        </test-method> <!-- dropTest -->
        <test-method status="PASS" signature="textboxTest()[pri:2, instance:pages.Mtest@4d3167f4]" name="textboxTest" duration-ms="109" started-at="2020-04-10T06:06:51 PDT" finished-at="2020-04-10T06:06:51 PDT">
          <reporter-output>
          </reporter-output>
        </test-method> <!-- textboxTest -->
        <test-method status="PASS" signature="mapssearchTest()[pri:3, instance:pages.Mtest@4d3167f4]" name="mapssearchTest" duration-ms="600" started-at="2020-04-10T06:06:51 PDT" finished-at="2020-04-10T06:06:51 PDT">
          <reporter-output>
          </reporter-output>
        </test-method> <!-- mapssearchTest -->
        <test-method status="PASS" signature="mapsTest()[pri:4, instance:pages.Mtest@4d3167f4]" name="mapsTest" duration-ms="512" started-at="2020-04-10T06:06:51 PDT" finished-at="2020-04-10T06:06:52 PDT">
          <reporter-output>
          </reporter-output>
        </test-method> <!-- mapsTest -->
        <test-method status="PASS" signature="last()[pri:0, instance:pages.Mtest@4d3167f4]" name="last" is-config="true" duration-ms="662" started-at="2020-04-10T06:06:52 PDT" finished-at="2020-04-10T06:06:52 PDT">
          <reporter-output>
          </reporter-output>
        </test-method> <!-- last -->
      </class> <!-- pages.Mtest -->
      <class name="pages.Ntest">
        <test-method status="PASS" signature="startssss(java.lang.String)[pri:0, instance:pages.Ntest@ed9d034]" name="startssss" is-config="true" duration-ms="9580" started-at="2020-04-10T06:06:52 PDT" finished-at="2020-04-10T06:07:02 PDT">
          <params>
            <param index="0">
              <value>
                <![CDATA[chrome]]>
              </value>
            </param>
          </params>
          <reporter-output>
          </reporter-output>
        </test-method> <!-- startssss -->
        <test-method status="PASS" signature="dropmenueTest()[pri:1, instance:pages.Ntest@ed9d034]" name="dropmenueTest" duration-ms="445" started-at="2020-04-10T06:07:02 PDT" finished-at="2020-04-10T06:07:03 PDT">
          <reporter-output>
          </reporter-output>
        </test-method> <!-- dropmenueTest -->
        <test-method status="PASS" signature="sportTest()[pri:2, instance:pages.Ntest@ed9d034]" name="sportTest" duration-ms="186" started-at="2020-04-10T06:07:03 PDT" finished-at="2020-04-10T06:07:03 PDT">
          <reporter-output>
          </reporter-output>
        </test-method> <!-- sportTest -->
        <test-method status="PASS" signature="nflTest()[pri:3, instance:pages.Ntest@ed9d034]" name="nflTest" duration-ms="4680" started-at="2020-04-10T06:07:03 PDT" finished-at="2020-04-10T06:07:07 PDT">
          <reporter-output>
          </reporter-output>
        </test-method> <!-- nflTest -->
        <test-method status="PASS" signature="textTest()[pri:4, instance:pages.Ntest@ed9d034]" name="textTest" duration-ms="83" started-at="2020-04-10T06:07:07 PDT" finished-at="2020-04-10T06:07:07 PDT">
          <reporter-output>
          </reporter-output>
        </test-method> <!-- textTest -->
        <test-method status="FAIL" signature="homeTest()[pri:5, instance:pages.Ntest@ed9d034]" name="homeTest" duration-ms="10058" started-at="2020-04-10T06:07:07 PDT" finished-at="2020-04-10T06:07:18 PDT">
          <exception class="org.openqa.selenium.NoSuchElementException">
            <message>
              <![CDATA[no such element: Unable to locate element: {"method":"xpath","selector":"//*[@id="sb_form"]/a/h"}
  (Session info: chrome=80.0.3987.163)
For documentation on this error, please visit: https://www.seleniumhq.org/exceptions/no_such_element.html
Build info: version: '3.141.59', revision: 'e82be7d358', time: '2018-11-14T08:17:03'
System info: host: 'LAPTOP-KO317EUS', ip: '10.227.149.4', os.name: 'Windows 10', os.arch: 'amd64', os.version: '10.0', java.version: '1.8.0_241'
Driver info: org.openqa.selenium.chrome.ChromeDriver
Capabilities {acceptInsecureCerts: false, browserName: chrome, browserVersion: 80.0.3987.163, chrome: {chromedriverVersion: 80.0.3987.106 (f68069574609..., userDataDir: C:\Users\husky\AppData\Loca...}, goog:chromeOptions: {debuggerAddress: localhost:58643}, javascriptEnabled: true, networkConnectionEnabled: false, pageLoadStrategy: normal, platform: WINDOWS, platformName: WINDOWS, proxy: Proxy(), setWindowRect: true, strictFileInteractability: false, timeouts: {implicit: 0, pageLoad: 300000, script: 30000}, unhandledPromptBehavior: dismiss and notify}
Session ID: 1214997f84e62ae815c91cff2646d398
*** Element info: {Using=xpath, value=//*[@id="sb_form"]/a/h}]]>
            </message>
            <full-stacktrace>
              <![CDATA[org.openqa.selenium.NoSuchElementException: no such element: Unable to locate element: {"method":"xpath","selector":"//*[@id="sb_form"]/a/h"}
  (Session info: chrome=80.0.3987.163)
For documentation on this error, please visit: https://www.seleniumhq.org/exceptions/no_such_element.html
Build info: version: '3.141.59', revision: 'e82be7d358', time: '2018-11-14T08:17:03'
System info: host: 'LAPTOP-KO317EUS', ip: '10.227.149.4', os.name: 'Windows 10', os.arch: 'amd64', os.version: '10.0', java.version: '1.8.0_241'
Driver info: org.openqa.selenium.chrome.ChromeDriver
Capabilities {acceptInsecureCerts: false, browserName: chrome, browserVersion: 80.0.3987.163, chrome: {chromedriverVersion: 80.0.3987.106 (f68069574609..., userDataDir: C:\Users\husky\AppData\Loca...}, goog:chromeOptions: {debuggerAddress: localhost:58643}, javascriptEnabled: true, networkConnectionEnabled: false, pageLoadStrategy: normal, platform: WINDOWS, platformName: WINDOWS, proxy: Proxy(), setWindowRect: true, strictFileInteractability: false, timeouts: {implicit: 0, pageLoad: 300000, script: 30000}, unhandledPromptBehavior: dismiss and notify}
Session ID: 1214997f84e62ae815c91cff2646d398
*** Element info: {Using=xpath, value=//*[@id="sb_form"]/a/h}
at sun.reflect.NativeConstructorAccessorImpl.newInstance0(Native Method)
at sun.reflect.NativeConstructorAccessorImpl.newInstance(Unknown Source)
at sun.reflect.DelegatingConstructorAccessorImpl.newInstance(Unknown Source)
at java.lang.reflect.Constructor.newInstance(Unknown Source)
at org.openqa.selenium.remote.http.W3CHttpResponseCodec.createException(W3CHttpResponseCodec.java:187)
at org.openqa.selenium.remote.http.W3CHttpResponseCodec.decode(W3CHttpResponseCodec.java:122)
at org.openqa.selenium.remote.http.W3CHttpResponseCodec.decode(W3CHttpResponseCodec.java:49)
at org.openqa.selenium.remote.HttpCommandExecutor.execute(HttpCommandExecutor.java:158)
at org.openqa.selenium.remote.service.DriverCommandExecutor.execute(DriverCommandExecutor.java:83)
at org.openqa.selenium.remote.RemoteWebDriver.execute(RemoteWebDriver.java:552)
at org.openqa.selenium.remote.RemoteWebDriver.findElement(RemoteWebDriver.java:323)
at org.openqa.selenium.remote.RemoteWebDriver.findElementByXPath(RemoteWebDriver.java:428)
at org.openqa.selenium.By$ByXPath.findElement(By.java:353)
at org.openqa.selenium.remote.RemoteWebDriver.findElement(RemoteWebDriver.java:315)
at org.openqa.selenium.support.pagefactory.DefaultElementLocator.findElement(DefaultElementLocator.java:69)
at org.openqa.selenium.support.pagefactory.internal.LocatingElementHandler.invoke(LocatingElementHandler.java:38)
at com.sun.proxy.$Proxy11.click(Unknown Source)
at pages.Ntest.homeTest(Ntest.java:28)
at sun.reflect.NativeMethodAccessorImpl.invoke0(Native Method)
at sun.reflect.NativeMethodAccessorImpl.invoke(Unknown Source)
at sun.reflect.DelegatingMethodAccessorImpl.invoke(Unknown Source)
at java.lang.reflect.Method.invoke(Unknown Source)
at org.testng.internal.MethodInvocationHelper.invokeMethod(MethodInvocationHelper.java:135)
at org.testng.internal.TestInvoker.invokeMethod(TestInvoker.java:598)
at org.testng.internal.TestInvoker.invokeTestMethod(TestInvoker.java:174)
at org.testng.internal.MethodRunner.runInSequence(MethodRunner.java:46)
at org.testng.internal.TestInvoker$MethodInvocationAgent.invoke(TestInvoker.java:821)
at org.testng.internal.TestInvoker.invokeTestMethods(TestInvoker.java:147)
at org.testng.internal.TestMethodWorker.invokeTestMethods(TestMethodWorker.java:146)
at org.testng.internal.TestMethodWorker.run(TestMethodWorker.java:128)
at java.util.ArrayList.forEach(Unknown Source)
at org.testng.TestRunner.privateRun(TestRunner.java:767)
at org.testng.TestRunner.run(TestRunner.java:588)
at org.testng.SuiteRunner.runTest(SuiteRunner.java:384)
at org.testng.SuiteRunner.runSequentially(SuiteRunner.java:378)
at org.testng.SuiteRunner.privateRun(SuiteRunner.java:337)
at org.testng.SuiteRunner.run(SuiteRunner.java:286)
at org.testng.SuiteRunnerWorker.runSuite(SuiteRunnerWorker.java:53)
at org.testng.SuiteRunnerWorker.run(SuiteRunnerWorker.java:96)
at org.testng.TestNG.runSuitesSequentially(TestNG.java:1214)
at org.testng.TestNG.runSuitesLocally(TestNG.java:1136)
at org.testng.TestNG.runSuites(TestNG.java:1066)
at org.testng.TestNG.run(TestNG.java:1034)
at org.testng.remote.AbstractRemoteTestNG.run(AbstractRemoteTestNG.java:115)
at org.testng.remote.RemoteTestNG.initAndRun(RemoteTestNG.java:251)
at org.testng.remote.RemoteTestNG.main(RemoteTestNG.java:77)
]]>
            </full-stacktrace>
          </exception> <!-- org.openqa.selenium.NoSuchElementException -->
          <reporter-output>
          </reporter-output>
        </test-method> <!-- homeTest -->
        <test-method status="PASS" signature="last()[pri:0, instance:pages.Ntest@ed9d034]" name="last" is-config="true" duration-ms="595" started-at="2020-04-10T06:07:18 PDT" finished-at="2020-04-10T06:07:18 PDT">
          <reporter-output>
          </reporter-output>
        </test-method> <!-- last -->
      </class> <!-- pages.Ntest -->
    </test> <!-- Test1 -->
  </suite> <!-- Suite -->
</testng-results>
